\BOOKMARK [0][-]{chapter.1}{\376\377\000S\000y\000m\000m\000e\000t\000r\000y\000\040\000N\000o\000t\000a\000t\000i\000o\000n}{}% 1
\BOOKMARK [1][-]{section.1.1}{\376\377\000A\000s\000y\000m\000p\000t\000o\000t\000i\000c\000\040\000N\000o\000t\000a\000t\000i\000o\000n}{chapter.1}% 2
\BOOKMARK [1][-]{section.1.2}{\376\377\000C\000o\000m\000p\000a\000r\000i\000n\000g\000\040\000F\000u\000n\000c\000t\000i\000o\000n\000s}{chapter.1}% 3
\BOOKMARK [2][-]{subsection.1.2.1}{\376\377\000T\000r\000a\000n\000s\000i\000t\000i\000v\000i\000t\000y}{section.1.2}% 4
\BOOKMARK [2][-]{subsection.1.2.2}{\376\377\000R\000e\000f\000l\000e\000x\000i\000v\000i\000t\000y}{section.1.2}% 5
\BOOKMARK [2][-]{subsection.1.2.3}{\376\377\000S\000y\000m\000m\000e\000t\000r\000y}{section.1.2}% 6
\BOOKMARK [2][-]{subsection.1.2.4}{\376\377\000T\000r\000a\000n\000s\000p\000o\000s\000e\000\040\000S\000y\000m\000m\000e\000t\000r\000y}{section.1.2}% 7
\BOOKMARK [2][-]{subsection.1.2.5}{\376\377\000s\000u\000m\000\040\000a\000n\000d\000\040\000m\000a\000x\000i\000m\000u\000m}{section.1.2}% 8
\BOOKMARK [2][-]{subsection.1.2.6}{\376\377\000R\000u\000n\000n\000i\000n\000g\000\040\000t\000i\000m\000e\000\040\000h\000i\000e\000r\000a\000r\000c\000h\000y}{section.1.2}% 9
\BOOKMARK [1][-]{section.1.3}{\376\377\000E\000x\000p\000e\000c\000t\000\040\000o\000f\000\040\000a\000l\000g\000o\000r\000i\000t\000h\000m\000s}{chapter.1}% 10
\BOOKMARK [0][-]{chapter.2}{\376\377\000R\000e\000c\000u\000r\000s\000i\000o\000n\000\040\000a\000n\000d\000\040\000D\000i\000v\000i\000d\000e\000\040\000a\000n\000d\000\040\000C\000o\000n\000q\000u\000e\000r\000\040\000t\000e\000c\000h\000n\000i\000q\000u\000e\000s}{}% 11
\BOOKMARK [1][-]{section.2.1}{\376\377\000F\000i\000n\000d\000i\000n\000g\000\040\000M\000a\000j\000o\000r\000i\000t\000y\000\040\000i\000n\000\040\000a\000r\000r\000a\000y}{chapter.2}% 12
\BOOKMARK [1][-]{section.2.2}{\376\377\000S\000e\000a\000r\000c\000h\000i\000n\000g\000\040\000i\000n\000\040\000l\000o\000g\000a\000r\000i\000t\000h\000m\000i\000c\000\040\000t\000i\000m\000e}{chapter.2}% 13
\BOOKMARK [1][-]{section.2.3}{\376\377\000R\000u\000n\000n\000i\000n\000g\000\040\000t\000i\000m\000e\000\040\000o\000f\000\040\000D\000i\000v\000i\000d\000e\000\040\000a\000n\000d\000\040\000C\000o\000n\000q\000u\000e\000r\000\040\000a\000l\000g\000o\000r\000i\000t\000h\000m\000s}{chapter.2}% 14
\BOOKMARK [1][-]{section.2.4}{\376\377\000F\000i\000n\000d\000i\000n\000g\000\040\000p\000i\000a\000r\000\040\000o\000f\000\040\000p\000o\000i\000n\000t\000s\000\040\000c\000l\000o\000s\000e\000s\000t\000\040\000t\000o\000\040\000e\000a\000c\000h\000\040\000o\000t\000h\000e\000r}{chapter.2}% 15
\BOOKMARK [0][-]{chapter.3}{\376\377\000G\000r\000a\000p\000h\000\040\000A\000l\000g\000o\000r\000i\000t\000h\000m\000s}{}% 16
\BOOKMARK [1][-]{section.3.1}{\376\377\000G\000r\000a\000p\000h\000\040\000D\000e\000f\000i\000n\000i\000t\000i\000o\000n\000s}{chapter.3}% 17
\BOOKMARK [1][-]{section.3.2}{\376\377\000D\000e\000p\000t\000h\000-\000f\000i\000r\000s\000t\000\040\000s\000e\000a\000r\000c\000h}{chapter.3}% 18
\BOOKMARK [1][-]{section.3.3}{\376\377\000B\000r\000e\000a\000d\000t\000h\000-\000f\000i\000r\000s\000t\000\040\000s\000e\000a\000r\000c\000h}{chapter.3}% 19
\BOOKMARK [1][-]{section.3.4}{\376\377\000S\000t\000r\000o\000n\000g\000\040\000C\000o\000n\000n\000e\000c\000t\000i\000v\000i\000t\000y}{chapter.3}% 20
\BOOKMARK [2][-]{subsection.3.4.1}{\376\377\000C\000o\000n\000n\000e\000c\000t\000i\000v\000i\000t\000y}{section.3.4}% 21
\BOOKMARK [2][-]{subsection.3.4.2}{\376\377\000M\000u\000t\000u\000a\000l\000\040\000R\000e\000a\000c\000h\000a\000b\000i\000l\000i\000t\000y}{section.3.4}% 22
\BOOKMARK [2][-]{subsection.3.4.3}{\376\377\000T\000e\000s\000t\000i\000n\000g\000\040\000s\000t\000r\000o\000n\000g\000\040\000c\000o\000n\000n\000e\000c\000t\000i\000v\000i\000t\000y}{section.3.4}% 23
\BOOKMARK [1][-]{section.3.5}{\376\377\000T\000e\000s\000t\000i\000n\000g\000\040\000b\000i\000p\000a\000r\000t\000i\000t\000e\000n\000e\000s\000s}{chapter.3}% 24
\BOOKMARK [1][-]{section.3.6}{\376\377\000D\000A\000G\000s\000\040\000a\000n\000d\000\040\000T\000o\000p\000o\000l\000o\000g\000i\000c\000a\000l\000\040\000O\000r\000d\000e\000r\000i\000n\000g}{chapter.3}% 25
\BOOKMARK [1][-]{section.3.7}{\376\377\000F\000i\000n\000d\000i\000n\000g\000\040\000s\000t\000r\000o\000n\000g\000l\000y\000\040\000c\000o\000n\000n\000e\000c\000t\000e\000d\000\040\000c\000o\000m\000p\000o\000n\000e\000n\000t\000s}{chapter.3}% 26
\BOOKMARK [0][-]{chapter.4}{\376\377\000G\000r\000e\000e\000d\000y\000\040\000A\000l\000g\000o\000r\000i\000t\000h\000m\000s}{}% 27
\BOOKMARK [1][-]{section.4.1}{\376\377\000I\000n\000t\000e\000r\000v\000a\000l\000\040\000S\000c\000h\000e\000d\000u\000l\000i\000n\000g}{chapter.4}% 28
\BOOKMARK [1][-]{section.4.2}{\376\377\000M\000i\000n\000i\000m\000u\000m\000\040\000S\000p\000a\000n\000n\000i\000n\000g\000\040\000T\000r\000e\000e\000s}{chapter.4}% 29
\BOOKMARK [1][-]{section.4.3}{\376\377\000C\000l\000u\000s\000t\000e\000r\000i\000n\000g}{chapter.4}% 30
\BOOKMARK [0][-]{chapter.5}{\376\377\000D\000y\000n\000a\000m\000i\000c\000\040\000P\000r\000o\000g\000r\000a\000m\000m\000i\000n\000g}{}% 31
\BOOKMARK [1][-]{section.5.1}{\376\377\000W\000e\000i\000g\000h\000t\000e\000d\000\040\000I\000n\000t\000e\000r\000v\000a\000l\000\040\000S\000c\000h\000e\000d\000u\000l\000i\000n\000g}{chapter.5}% 32
\BOOKMARK [1][-]{section.5.2}{\376\377\000S\000u\000b\000s\000e\000t\000\040\000S\000u\000m}{chapter.5}% 33
\BOOKMARK [1][-]{section.5.3}{\376\377\000k\000n\000a\000p\000S\000a\000c\000k}{chapter.5}% 34
\BOOKMARK [0][-]{chapter.6}{\376\377\000N\000e\000t\000w\000o\000r\000k\000\040\000F\000l\000o\000w}{}% 35
\BOOKMARK [1][-]{section.6.1}{\376\377\000N\000e\000t\000w\000o\000r\000k\000\040\000F\000l\000o\000w\000\040\000D\000e\000f\000i\000n\000i\000t\000i\000o\000n\000s}{chapter.6}% 36
\BOOKMARK [1][-]{section.6.2}{\376\377\000M\000a\000x\000i\000m\000u\000m\000\040\000F\000l\000o\000w\000\040\000P\000r\000o\000b\000l\000e\000m}{chapter.6}% 37
\BOOKMARK [1][-]{section.6.3}{\376\377\000M\000i\000n\000\040\000C\000u\000t\000\040\000t\000h\000e\000o\000r\000e\000m}{chapter.6}% 38
\BOOKMARK [1][-]{section.6.4}{\376\377\000C\000h\000o\000o\000s\000i\000n\000g\000\040\000B\000e\000t\000t\000e\000r\000\040\000A\000u\000g\000m\000e\000n\000t\000i\000n\000g\000\040\000P\000a\000t\000h\000s}{chapter.6}% 39
\BOOKMARK [1][-]{section.6.5}{\376\377\000M\000o\000d\000e\000l\000i\000n\000g\000\040\000w\000i\000t\000h\000\040\000N\000e\000t\000w\000o\000r\000k\000\040\000F\000l\000o\000w\000s}{chapter.6}% 40
\BOOKMARK [0][-]{chapter.7}{\376\377\000N\000P\000-\000C\000o\000m\000p\000l\000e\000t\000e\000n\000e\000s\000s}{}% 41
\BOOKMARK [1][-]{section.7.1}{\376\377\000N\000P\000-\000C\000o\000m\000p\000l\000e\000t\000e\000n\000e\000s\000s}{chapter.7}% 42
